jenna var här kl. 1611830009jenna var här kl. 1611830016jenna var här kl. 1611830097jenna var här kl. 1611830098jenna var här kl. 1611830102jenna var här kl. 1611830113jenna var här kl. 1611830114
jenna var här kl. 1611831053
jenna var här kl. 1611831202
jenna var här kl. 1611831767
jenna var här kl. 1611911824
jenna var här kl. 1611911825
jenna var här kl. 1611911833
jenna var här kl. 1611911845
jenna var här kl. 1611912130
jenna var här kl. 1611912138
jenna var här kl. 1611912170
jenna var här kl. 1611912172
jenna var här kl. 1611912177
jenna var här kl. 1611912187
jenna var här kl. 1611912337
jenna var här kl. 1611912340
jenna var här kl. 1611912340
jenna var här kl. 1611912919
jenna var här kl. 1611912920
jenna var här kl. 1611912955
jenna var här kl. 1611913057
jenna var här kl. 1611913068
jenna var här kl. 1611913345
jenna var här kl. 1611913348
jenna var här kl. 1611913349
jenna var här kl. 1611913445
jenna var här kl. 1611913451
jenna var här kl. 1611913460
jenna var här kl. 1611913465
jenna var här kl. 1611913469
jenna var här kl. 1611913519
jenna var här kl. 1611913522
jenna var här kl. 1611913525
jenna var här kl. 1611913534
jenna var här kl. 1611913539
jenna var här kl. 1611913544
jenna var här kl. 1611913598
jenna var här kl. 1611913604
jenna var här kl. 1611913610
jenna var här kl. 1611913613
jenna var här kl. 1611913615
jenna var här kl. 1611913622
jenna var här kl. 1611913637
jenna var här kl. 1611913641
jenna var här kl. 1611913646
jenna var här kl. 1611913649
jenna var här kl. 1611913716
jenna var här kl. 1611913720
jenna var här kl. 1611913724
jenna var här kl. 1611913729
jenna var här kl. 1611913741
jenna var här kl. 1611914169
jenna var här kl. 1611914199
jenna var här kl. 1611914210
jenna var här kl. 1611914229
jenna var här kl. 1611914240
jenna var här kl. 1611914253
jenna var här kl. 1611914389
jenna var här kl. 1611914392
jenna var här kl. 1611914396
jenna var här kl. 1611914494
jenna var här kl. 1611914500admin
 var här kl. 1611914803
besökarens ip-adress: 2001:708:170:36::1000admin var här kl. 1611914849
besökarens ip-adress: 2001:708:170:36::1000

jahti var här kl. 1611914855
besökarens ip-adress: 2001:708:170:36::1000

jahti var här kl. 29.01.2021
besökarens ip-adress: 2001:708:170:36::1000

jenna var här kl. 29.01.2021
besökarens ip-adress: 2001:708:170:36::1000

jenna var här den 29.01.2021 kl. 12:10:12
besökarens ip-adress: 2001:708:170:36::1000

admin var här den 29.01.2021 kl. 12:10:24
besökarens ip-adress: 2001:708:170:36::1000

 var här den 29.01.2021 kl. 16:55:08
besökarens ip-adress: 86.115.191.122

 var här den 29.01.2021 kl. 16:55:25
besökarens ip-adress: 86.115.191.122

 var här den 29.01.2021 kl. 16:55:36
besökarens ip-adress: 86.115.191.122

 var här den 29.01.2021 kl. 16:55:57
besökarens ip-adress: 86.115.191.122

 var här den 29.01.2021 kl. 17:03:12
besökarens ip-adress: 86.115.191.122

 var här den 29.01.2021 kl. 17:03:43
besökarens ip-adress: 86.115.191.122

jahti var här den 29.01.2021 kl. 17:03:47
besökarens ip-adress: 86.115.191.122

jahti var här den 29.01.2021 kl. 17:03:57
besökarens ip-adress: 86.115.191.122

 var här den 29.01.2021 kl. 17:04:15
besökarens ip-adress: 86.115.191.122

jahti var här den 29.01.2021 kl. 17:04:28
besökarens ip-adress: 86.115.191.122

 var här den 29.01.2021 kl. 17:04:37
besökarens ip-adress: 86.115.191.122

 var här den 29.01.2021 kl. 17:04:37
besökarens ip-adress: 86.115.191.122

 var här den 29.01.2021 kl. 20:26:32
besökarens ip-adress: 86.115.191.122

 var här den 29.01.2021 kl. 20:50:20
besökarens ip-adress: 2001:708:170:36::100d

 var här den 31.01.2021 kl. 11:38:59
besökarens ip-adress: 2001:708:170:36::100d

jenna var här den 31.01.2021 kl. 11:39:09
besökarens ip-adress: 2001:708:170:36::100d

 var här den 31.01.2021 kl. 11:39:16
besökarens ip-adress: 2001:708:170:36::100d

 var här den 31.01.2021 kl. 11:39:20
besökarens ip-adress: 2001:708:170:36::100d

 var här den 31.01.2021 kl. 11:40:04
besökarens ip-adress: 2001:708:170:36::100d

 var här den 31.01.2021 kl. 11:40:06
besökarens ip-adress: 2001:708:170:36::100d

 var här den 31.01.2021 kl. 11:40:19
besökarens ip-adress: 2001:708:170:36::100d

 var här den 31.01.2021 kl. 11:40:25
besökarens ip-adress: 2001:708:170:36::100d

 var här den 31.01.2021 kl. 11:40:34
besökarens ip-adress: 2001:708:170:36::100d

 var här den 31.01.2021 kl. 11:41:26
besökarens ip-adress: 2001:708:170:36::100d

 var här den 31.01.2021 kl. 11:44:09
besökarens ip-adress: 2001:708:170:36::100d

 var här den 31.01.2021 kl. 11:44:29
besökarens ip-adress: 2001:708:170:36::100d

 var här den 31.01.2021 kl. 11:44:30
besökarens ip-adress: 2001:708:170:36::100d

 var här den 31.01.2021 kl. 11:45:36
besökarens ip-adress: 2001:708:170:36::100d

 var här den 31.01.2021 kl. 11:46:17
besökarens ip-adress: 2001:708:170:36::100d

 var här den 31.01.2021 kl. 11:46:20
besökarens ip-adress: 2001:708:170:36::100d

 var här den 31.01.2021 kl. 11:46:42
besökarens ip-adress: 2001:708:170:36::100d

 var här den 31.01.2021 kl. 11:46:44
besökarens ip-adress: 2001:708:170:36::100d

 var här den 31.01.2021 kl. 11:46:49
besökarens ip-adress: 2001:708:170:36::100d

 var här den 31.01.2021 kl. 11:47:12
besökarens ip-adress: 2001:708:170:36::100d

 var här den 31.01.2021 kl. 11:47:19
besökarens ip-adress: 2001:708:170:36::100d

 var här den 31.01.2021 kl. 11:47:26
besökarens ip-adress: 2001:708:170:36::100d

 var här den 31.01.2021 kl. 11:47:29
besökarens ip-adress: 2001:708:170:36::100d

 var här den 31.01.2021 kl. 11:48:56
besökarens ip-adress: 2001:708:170:36::100d

 var här den 31.01.2021 kl. 11:50:32
besökarens ip-adress: 2001:708:170:36::100d

 var här den 31.01.2021 kl. 11:50:33
besökarens ip-adress: 2001:708:170:36::100d

admin var här den 31.01.2021 kl. 11:50:45
besökarens ip-adress: 2001:708:170:36::100d

 var här den 31.01.2021 kl. 11:50:52
besökarens ip-adress: 2001:708:170:36::100d

j var här den 31.01.2021 kl. 11:51:03
besökarens ip-adress: 2001:708:170:36::100d

j var här den 31.01.2021 kl. 11:53:49
besökarens ip-adress: 2001:708:170:36::100d

 var här den 31.01.2021 kl. 11:54:19
besökarens ip-adress: 2001:708:170:36::100d

 var här den 31.01.2021 kl. 11:54:56
besökarens ip-adress: 2001:708:170:36::100d

 var här den 31.01.2021 kl. 11:55:04
besökarens ip-adress: 2001:708:170:36::100d

 var här den 31.01.2021 kl. 11:55:06
besökarens ip-adress: 2001:708:170:36::100d

 var här den 31.01.2021 kl. 12:03:09
besökarens ip-adress: 2001:708:170:36::100d

 var här den 31.01.2021 kl. 12:06:25
besökarens ip-adress: 2001:708:170:36::100d

 var här den 31.01.2021 kl. 12:06:26
besökarens ip-adress: 2001:708:170:36::100d

 var här den 31.01.2021 kl. 12:06:39
besökarens ip-adress: 2001:708:170:36::100d

 var här den 31.01.2021 kl. 12:08:23
besökarens ip-adress: 2001:708:170:36::100d

 var här den 31.01.2021 kl. 12:20:42
besökarens ip-adress: 2001:708:170:36::1008

 var här den 31.01.2021 kl. 12:20:46
besökarens ip-adress: 2001:708:170:36::1008

 var här den 31.01.2021 kl. 12:21:05
besökarens ip-adress: 2001:708:170:36::1008

 var här den 31.01.2021 kl. 12:22:15
besökarens ip-adress: 2001:708:170:36::1008

 var här den 31.01.2021 kl. 12:22:44
besökarens ip-adress: 2001:708:170:36::1008

 var här den 31.01.2021 kl. 12:25:25
besökarens ip-adress: 2001:708:170:36::1008

 var här den 31.01.2021 kl. 12:26:31
besökarens ip-adress: 2001:708:170:36::1008

 var här den 31.01.2021 kl. 12:26:32
besökarens ip-adress: 2001:708:170:36::1008

 var här den 31.01.2021 kl. 12:29:37
besökarens ip-adress: 2001:708:170:36::1008

 var här den 31.01.2021 kl. 12:29:49
besökarens ip-adress: 2001:708:170:36::1008

 var här den 31.01.2021 kl. 12:30:04
besökarens ip-adress: 2001:708:170:36::1008

 var här den 31.01.2021 kl. 12:30:24
besökarens ip-adress: 2001:708:170:36::1008

 var här den 31.01.2021 kl. 12:31:38
besökarens ip-adress: 2001:708:170:36::1008

 var här den 31.01.2021 kl. 12:33:11
besökarens ip-adress: 2001:708:170:36::1008

 var här den 31.01.2021 kl. 12:33:12
besökarens ip-adress: 2001:708:170:36::1008

 var här den 31.01.2021 kl. 12:33:34
besökarens ip-adress: 2001:708:170:36::1008

 var här den 31.01.2021 kl. 12:35:13
besökarens ip-adress: 2001:708:170:36::1008

 var här den 31.01.2021 kl. 12:35:38
besökarens ip-adress: 2001:708:170:36::1008

