
03.02.2021 kl. 12:51:34 ahtijenn skriver: test2

03.02.2021 kl. 12:51:17 ahtijenn skriver: test2

03.02.2021 kl. 12:50:57 ahtijenn skriver: test

03.02.2021 kl. 12:35:33 ahtijenn skriver: test

03.02.2021 kl. 12:35:26 ahtijenn skriver: test

03.02.2021 kl. 12:35:18 ahtijenn skriver: test

03.02.2021 kl. 12:07:01 ahtijenn skriver: kommentarerna funkar!!

03.02.2021 kl. 12:06:58 ahtijenn skriver: kommentarerna funkar!!

03.02.2021 kl. 12:06:12 ahtijenn skriver: kommentarerna funkar!!

03.02.2021 kl. 12:06:09 ahtijenn skriver: kommentarerna funkar!!

03.02.2021 kl. 12:05:49 ahtijenn skriver: kommentarerna funkar!!

03.02.2021 kl. 12:05:45 ahtijenn skriver: kommentarerna funkar!!

03.02.2021 kl. 12:05:32 ahtijenn skriver: kommentarerna funkar!!

03.02.2021 kl. 12:04:41 ahtijenn skriver: kommentarerna funkar!!

03.02.2021 kl. 12:04:38 ahtijenn skriver: kommentarerna funkar!!

03.02.2021 kl. 12:04:33 ahtijenn skriver: kommentarerna funkar!!

03.02.2021 kl. 12:04:30 ahtijenn skriver: kommentarerna funkar!!

03.02.2021 kl. 12:04:12 ahtijenn skriver: kommentarerna funkar!!

03.02.2021 kl. 12:02:00 ahtijenn skriver: kommentarerna funkar!!

03.02.2021 kl. 12:01:28 ahtijenn skriver: kommentarerna funkar!!

03.02.2021 kl. 11:59:24 ahtijenn skriver: kommentarerna funkar!!

03.02.2021 kl. 11:58:59 ahtijenn skriver: kommentarerna funkar!!

03.02.2021 kl. 11:58:54 ahtijenn skriver: kommentarerna funkar!!

03.02.2021 kl. 11:58:45 ahtijenn skriver: kommentarerna funkar!!

03.02.2021 kl. 11:58:40 ahtijenn skriver: kommentarerna funkar!!

03.02.2021 kl. 11:52:22 ahtijenn skriver: kommentarerna funkar!!

03.02.2021 kl. 11:52:19 ahtijenn skriver: kommentarerna funkar!!

03.02.2021 kl. 11:50:44 ahtijenn skriver: kommentarerna funkar!!

03.02.2021 kl. 11:50:35 ahtijenn skriver: kommentarerna funkar!!

03.02.2021 kl. 11:38:27 ahtijenn skriver: kommentarerna funkar!!

03.02.2021 kl. 11:38:02 ahtijenn skriver: test3


03.02.2021 kl. 11:37:40 ahtijenn skriver: test2


03.02.2021 kl. 11:37:33 ahtijenn skriver: test1


03.02.2021 kl. 11:34:02 ahtijenn skriver: försök33



21 kl. 11:09:05ahtijenn skriver: e den 

03.02.2021 kl. 11:09:26 ahtijenn skriver: e den 

03.02.2021 kl. 11:09:31 ahtijenn skriver: r den 



03.02.2021 kl. 11:21:07 ahtijenn skriver: försök 2



03.02.2021 kl. 11:21:12 ahtijenn skriver: försök 1



03.02.2021 kl. 11:25:00 ahtijenn skriver: försök 1



03.02.2021 kl. 11:25:05 ahtijenn skriver: försök 1



03.02.2021 kl. 11:33:21 ahtijenn skriver: försök2



03.02.2021 kl. 11:33:25 ahtijenn skriver: försök11


































